<?xml version="1.0" encoding="UTF-8"?>
<testsuite name="com.bridgelabz.StateCensusAnalyserTest" tests="1" skipped="0" failures="0" errors="0" timestamp="2019-11-30T17:06:42" hostname="admin141-desktop" time="0.023">
  <properties/>
  <testcase name="givenTheStateCSV_FileWhenCorrectBut_csvHeaderIncorrect_ReturnsCustomException" classname="com.bridgelabz.StateCensusAnalyserTest" time="0.023"/>
  <system-out><![CDATA[]]></system-out>
  <system-err><![CDATA[]]></system-err>
</testsuite>
