<?xml version="1.0" encoding="UTF-8"?>
<testsuite name="com.bridgelabz.StateCensusAnalyserTest" tests="1" skipped="0" failures="0" errors="0" timestamp="2019-11-30T22:12:51" hostname="admin141-desktop" time="0.111">
  <properties/>
  <testcase name="givenTheStatesCode_CSV_fileCheckToEnsure_TheNumberOfRecord_matches" classname="com.bridgelabz.StateCensusAnalyserTest" time="0.111"/>
  <system-out><![CDATA[]]></system-out>
  <system-err><![CDATA[]]></system-err>
</testsuite>
