<?xml version="1.0" encoding="UTF-8"?>
<testsuite name="com.bridgelabz.StateCensusAnalyserTest" tests="1" skipped="0" failures="0" errors="0" timestamp="2019-12-02T16:03:12" hostname="admin141-desktop" time="0.021">
  <properties/>
  <testcase name="givenTheStateCodeCSV_FileWhenCorrectBut_csv_HeaderIncorrect_ReturnsCustomException" classname="com.bridgelabz.StateCensusAnalyserTest" time="0.021"/>
  <system-out><![CDATA[]]></system-out>
  <system-err><![CDATA[]]></system-err>
</testsuite>
